0 info it worked if it ends with ok
1 verbose cli [ '/Users/exKAZUu/.meteor/packages/meteor-tool/.1.4.0-1.l0olq8++os.osx.x86_64+web.browser+web.cordova/mt-os.osx.x86_64/dev_bundle/bin/node',
1 verbose cli   '/Users/exKAZUu/.meteor/packages/meteor-tool/.1.4.0-1.l0olq8++os.osx.x86_64+web.browser+web.cordova/mt-os.osx.x86_64/dev_bundle/bin/npm',
1 verbose cli   'run',
1 verbose cli   'eslint' ]
2 info using npm@3.10.5
3 info using node@v4.4.7
4 verbose run-script [ 'preeslint', 'eslint', 'posteslint' ]
5 info lifecycle test-eslint-import-resolver-meteor@~preeslint: test-eslint-import-resolver-meteor@
6 silly lifecycle test-eslint-import-resolver-meteor@~preeslint: no script for preeslint, continuing
7 info lifecycle test-eslint-import-resolver-meteor@~eslint: test-eslint-import-resolver-meteor@
8 verbose lifecycle test-eslint-import-resolver-meteor@~eslint: unsafe-perm in lifecycle true
9 verbose lifecycle test-eslint-import-resolver-meteor@~eslint: PATH: /Users/exKAZUu/.meteor/packages/meteor-tool/.1.4.0-1.l0olq8++os.osx.x86_64+web.browser+web.cordova/mt-os.osx.x86_64/dev_bundle/lib/node_modules/npm/bin/node-gyp-bin:/Users/exKAZUu/Projects/test-eslint-import-resolver-meteor/node_modules/.bin:/Users/exKAZUu/.meteor/packages/meteor-tool/.1.4.0-1.l0olq8++os.osx.x86_64+web.browser+web.cordova/mt-os.osx.x86_64/dev_bundle/bin:/Users/exKAZUu/.meteor/packages/meteor-tool/.1.4.0-1.l0olq8++os.osx.x86_64+web.browser+web.cordova/mt-os.osx.x86_64/dev_bundle/bin:/Users/exKAZUu/.meteor/packages/meteor-tool/.1.4.0-1.l0olq8++os.osx.x86_64+web.browser+web.cordova/mt-os.osx.x86_64/dev_bundle/lib/node_modules/.bin:/Users/exKAZUu/.nodebrew/current/bin:/usr/local/bin:/usr/bin:/bin:/usr/sbin:/sbin:/Users/exKAZUu/.rvm/bin
10 verbose lifecycle test-eslint-import-resolver-meteor@~eslint: CWD: /Users/exKAZUu/Projects/test-eslint-import-resolver-meteor
11 silly lifecycle test-eslint-import-resolver-meteor@~eslint: Args: [ '-c', 'eslint . --fix' ]
12 silly lifecycle test-eslint-import-resolver-meteor@~eslint: Returned: code: 1  signal: null
13 info lifecycle test-eslint-import-resolver-meteor@~eslint: Failed to exec eslint script
14 verbose stack Error: test-eslint-import-resolver-meteor@ eslint: `eslint . --fix`
14 verbose stack Exit status 1
14 verbose stack     at EventEmitter.<anonymous> (/Users/exKAZUu/.meteor/packages/meteor-tool/.1.4.0-1.l0olq8++os.osx.x86_64+web.browser+web.cordova/mt-os.osx.x86_64/dev_bundle/lib/node_modules/npm/lib/utils/lifecycle.js:242:16)
14 verbose stack     at emitTwo (events.js:87:13)
14 verbose stack     at EventEmitter.emit (events.js:172:7)
14 verbose stack     at ChildProcess.<anonymous> (/Users/exKAZUu/.meteor/packages/meteor-tool/.1.4.0-1.l0olq8++os.osx.x86_64+web.browser+web.cordova/mt-os.osx.x86_64/dev_bundle/lib/node_modules/npm/lib/utils/spawn.js:40:14)
14 verbose stack     at emitTwo (events.js:87:13)
14 verbose stack     at ChildProcess.emit (events.js:172:7)
14 verbose stack     at maybeClose (internal/child_process.js:827:16)
14 verbose stack     at Process.ChildProcess._handle.onexit (internal/child_process.js:211:5)
15 verbose pkgid test-eslint-import-resolver-meteor@
16 verbose cwd /Users/exKAZUu/Projects/test-eslint-import-resolver-meteor
17 error Darwin 15.6.0
18 error argv "/Users/exKAZUu/.meteor/packages/meteor-tool/.1.4.0-1.l0olq8++os.osx.x86_64+web.browser+web.cordova/mt-os.osx.x86_64/dev_bundle/bin/node" "/Users/exKAZUu/.meteor/packages/meteor-tool/.1.4.0-1.l0olq8++os.osx.x86_64+web.browser+web.cordova/mt-os.osx.x86_64/dev_bundle/bin/npm" "run" "eslint"
19 error node v4.4.7
20 error npm  v3.10.5
21 error code ELIFECYCLE
22 error test-eslint-import-resolver-meteor@ eslint: `eslint . --fix`
22 error Exit status 1
23 error Failed at the test-eslint-import-resolver-meteor@ eslint script 'eslint . --fix'.
23 error Make sure you have the latest version of node.js and npm installed.
23 error If you do, this is most likely a problem with the test-eslint-import-resolver-meteor package,
23 error not with npm itself.
23 error Tell the author that this fails on your system:
23 error     eslint . --fix
23 error You can get information on how to open an issue for this project with:
23 error     npm bugs test-eslint-import-resolver-meteor
23 error Or if that isn't available, you can get their info via:
23 error     npm owner ls test-eslint-import-resolver-meteor
23 error There is likely additional logging output above.
24 verbose exit [ 1, true ]
